<?xml version="1.0" encoding="UTF-8"?>
<testsuite name="finals.movable.MovablePointTest" tests="7" skipped="0" failures="0" errors="0" timestamp="2022-12-20T17:51:43" hostname="UCA-NAR-WKS-047" time="0.03">
  <properties/>
  <testcase name="testIfPointIsMovable()" classname="finals.movable.MovablePointTest" time="0.017"/>
  <testcase name="testMembersHaveProtectedAccessModifier()" classname="finals.movable.MovablePointTest" time="0.001"/>
  <testcase name="moveUp()" classname="finals.movable.MovablePointTest" time="0.007"/>
  <testcase name="testToString()" classname="finals.movable.MovablePointTest" time="0.001"/>
  <testcase name="moveDown()" classname="finals.movable.MovablePointTest" time="0.001"/>
  <testcase name="moveLeft()" classname="finals.movable.MovablePointTest" time="0.001"/>
  <testcase name="moveRight()" classname="finals.movable.MovablePointTest" time="0.001"/>
  <system-out><![CDATA[]]></system-out>
  <system-err><![CDATA[]]></system-err>
</testsuite>
